-----------------------------------------------------------------------------------------------------------------------------------------------
      name:  <unnamed>
       log:  C:\Users\grishmab\OneDrive - The University of Chicago\Coding\Stata\PSET4.log
  log type:  text
 opened on:  29 Oct 2021, 21:40:37

. 
. 
. *load data*
. *names forces STATA to recognise first line in data as as variabe names 
. 
. use "C:\Users\grishmab\OneDrive - The University of Chicago\Coding\Stata\ppha312x2021.dta"

. label data "Data is from IPUMS-USA  restricted to Memphis Metropolitan Area)"

. 
. *Data cleaning
. * To check the data for missing values or data that doesn't make sense. We first look at the summary of 
. * all the variables in the data. 
. 
. summarize

    Variable |        Obs        Mean    Std. Dev.       Min        Max
-------------+---------------------------------------------------------
        year |     10,149        2019           0       2019       2019
    statefip |     10,149    43.91477    7.007536         28         47
     met2013 |     10,149       32820           0      32820      32820
       perwt |     10,149    115.5946    104.4547          2       1977
         sex |     10,149    1.524387    .4994295          1          2
-------------+---------------------------------------------------------
         age |     10,149    41.95901    23.84656          0         94
        race |     10,149    1.580648    1.137962          1          9
      hispan |     10,149    .0467041    .3354414          0          4
         bpl |     10,149    38.27963    13.59931          1         56
       educd |     10,149    63.62085    31.54455          1        116
-------------+---------------------------------------------------------
     empstat |     10,149    1.501429    1.131536          0          3
    uhrswork |     10,149     19.6172    21.27607          0         99
      inctot |     10,149     1743385     3748625      -6900    9999999
     incwage |     10,149    209523.8    379486.3          0     999999

. 
. * We see that inctot,which is total income of the individual has some negative values.
. * This doesn't make sense. So, we'll filter the data to only consider income greater 
. * than or equal to zero 
. 
. keep if inctot >= 0
(9 observations deleted)

. 
. * Then we summarize the data again to check if the above change was incorporated
. 
. summarize

    Variable |        Obs        Mean    Std. Dev.       Min        Max
-------------+---------------------------------------------------------
        year |     10,140        2019           0       2019       2019
    statefip |     10,140    43.91953    7.003179         28         47
     met2013 |     10,140       32820           0      32820      32820
       perwt |     10,140    115.6266    104.4945          2       1977
         sex |     10,140    1.524359    .4994309          1          2
-------------+---------------------------------------------------------
         age |     10,140    41.94783    23.84536          0         94
        race |     10,140    1.580966     1.13835          1          9
      hispan |     10,140    .0467456    .3355873          0          4
         bpl |     10,140     38.2856    13.59807          1         56
       educd |     10,140    63.60888    31.55017          1        116
-------------+---------------------------------------------------------
     empstat |     10,140    1.500986    1.131592          0          3
    uhrswork |     10,140    19.62012    21.27962          0         99
      inctot |     10,140     1744935     3749928          0    9999999
     incwage |     10,140    209709.4    379603.5          0     999999

. 
. * Define a dummy variable indicating the respondent is Hispanic or not.
. gen is_hispanic = 1

. *check codebook to confirm that hispan==1,2,3,4 is hispanic
. replace is_hispanic = 0 if (hispan==0) 
(9,851 real changes made)

. 
. * Define a dummy variable indicating the respondent is African American or not. 
. gen is_aframerican = 0

. *check codebook to confirm that race==2 is African American
. replace is_aframerican = 1 if (race==2) 
(3,899 real changes made)

. 
. 
. 
. * Limit sample to white, non-Hispanic or African American non-Hispanichispanic residents
. *check codebook to confirm that race==1 is White and race==2 is African American 
. keep if (race == 1 & is_hispanic == 0) | (race == 2 & is_hispanic == 0)
(508 observations deleted)

. 
. 
. 
. *Limit the sample to those 25 to 59 years of age
. keep if age >= 25 & age < = 59
(5,457 observations deleted)

. 
. 
. 
. *Define a binary variable indicating whether the respondent is female
. gen is_female = 0

. *check codebook to confirm that sex==2 is Female
. replace is_female = 1 if (sex==2) 
(2,202 real changes made)

. 
. 
. 
. *e. Create an education variable with five categories: Less than high school (including GED recipients), high school degree, some college (in
> cluding associates degree), bachelor’s degree, and graduate degree
. 
. *check codebook to confirm that numeric values of each of the 19 categories in educd
. 
. gen edu_level = "Some College" if educd == 71 | educd == 81 | educd == 65
(2,892 missing values generated)

. 
. replace edu_level = "Less than High School" if educd == 61 | educd == 40 | educd == 50 | educd == 22 | educd == 23 | educd == 25 | educd == 2
> 6 |  educd == 30 |  educd == 2 | educd == 11 | educd == 64
variable edu_level was str12 now str21
(588 real changes made)

. 
. replace edu_level = "Bachelor's Degree" if educd == 101
(864 real changes made)

. 
. replace edu_level = "Graduate Degree" if educd == 116 |educd == 114 | educd == 115
(543 real changes made)

. 
. replace edu_level = "High School Degree" if educd == 63
(897 real changes made)

. 
. 
. *Define a dummy variable for whether the respondent is employed
. gen is_empld = 0

. *check codebook to confirm that empstat==1 is Employed
. replace is_empld = 1 if (empstat==1) 
(3,170 real changes made)

.  
. 
. 
. *2. Compare the educational attainment of African Americans to white respondents.
. graph bar (count), over(is_aframerican) by (edu_level)

. 
. 
. *3. Compare the employment rate by sex for African Americans and white respondents.
. bysort race sex: sum is_empld

-----------------------------------------------------------------------------------------------------------------------------------------------
-> race = White, sex = Male

    Variable |        Obs        Mean    Std. Dev.       Min        Max
-------------+---------------------------------------------------------
    is_empld |      1,215     .873251    .3328285          0          1

-----------------------------------------------------------------------------------------------------------------------------------------------
-> race = White, sex = Female

    Variable |        Obs        Mean    Std. Dev.       Min        Max
-------------+---------------------------------------------------------
    is_empld |      1,255    .7426295    .4373595          0          1

-----------------------------------------------------------------------------------------------------------------------------------------------
-> race = Black/African American/Negro, sex = Male

    Variable |        Obs        Mean    Std. Dev.       Min        Max
-------------+---------------------------------------------------------
    is_empld |        758    .6358839    .4814991          0          1

-----------------------------------------------------------------------------------------------------------------------------------------------
-> race = Black/African American/Negro, sex = Female

    Variable |        Obs        Mean    Std. Dev.       Min        Max
-------------+---------------------------------------------------------
    is_empld |        947    .7338965    .4421525          0          1


. 
. *4. Conditional on working, compare hours worked and its standard deviation by sex for African Americans and whites.
. bysort race sex: sum uhrswork if (is_empld ==1)

-----------------------------------------------------------------------------------------------------------------------------------------------
-> race = White, sex = Male

    Variable |        Obs        Mean    Std. Dev.       Min        Max
-------------+---------------------------------------------------------
    uhrswork |      1,061    44.13666    10.09171          4         99

-----------------------------------------------------------------------------------------------------------------------------------------------
-> race = White, sex = Female

    Variable |        Obs        Mean    Std. Dev.       Min        Max
-------------+---------------------------------------------------------
    uhrswork |        932    39.41953    10.34927          1         88

-----------------------------------------------------------------------------------------------------------------------------------------------
-> race = Black/African American/Negro, sex = Male

    Variable |        Obs        Mean    Std. Dev.       Min        Max
-------------+---------------------------------------------------------
    uhrswork |        482      42.139    10.77474          1         99

-----------------------------------------------------------------------------------------------------------------------------------------------
-> race = Black/African American/Negro, sex = Female

    Variable |        Obs        Mean    Std. Dev.       Min        Max
-------------+---------------------------------------------------------
    uhrswork |        695    39.64029    9.914917          1         99


. 
. *5. Conditional on working, compare total income, its standard deviation, and its skewness by education and sex for African Americans and whi
> tes.
. bysort race sex edu_level: sum inctot if (is_empld ==1), detail

-----------------------------------------------------------------------------------------------------------------------------------------------
-> race = White, sex = Male, edu_level = Bachelor's Degree

                    Total personal income
-------------------------------------------------------------
      Percentiles      Smallest
 1%         2000            450
 5%        25000            920
10%        35000           2000       Obs                 270
25%        55000           3000       Sum of Wgt.         270

50%        80150                      Mean           117573.3
                        Largest       Std. Dev.      116985.1
75%       120000         530100
90%       230000         536000       Variance       1.37e+10
95%       476000         550000       Skewness        2.54954
99%       536000         756000       Kurtosis       9.763148

-----------------------------------------------------------------------------------------------------------------------------------------------
-> race = White, sex = Male, edu_level = Graduate Degree

                    Total personal income
-------------------------------------------------------------
      Percentiles      Smallest
 1%        13500          10600
 5%        26800          13500
10%        34000          16300       Obs                 176
25%        63500          17000       Sum of Wgt.         176

50%       100000                      Mean           156346.4
                        Largest       Std. Dev.        146693
75%       175000         516000
90%       476000         523000       Variance       2.15e+10
95%       478400         536000       Skewness       1.618337
99%       536000         756000       Kurtosis       4.793229

-----------------------------------------------------------------------------------------------------------------------------------------------
-> race = White, sex = Male, edu_level = High School Degree

                    Total personal income
-------------------------------------------------------------
      Percentiles      Smallest
 1%         2000            370
 5%        11200           2000
10%        22000           9200       Obs                 157
25%        30000           9800       Sum of Wgt.         157

50%        45000                      Mean           52885.22
                        Largest       Std. Dev.      34836.83
75%        65000         150000
90%        98000         150000       Variance       1.21e+09
95%       105000         170000       Skewness       2.477673
99%       170000         283000       Kurtosis        14.7041

-----------------------------------------------------------------------------------------------------------------------------------------------
-> race = White, sex = Male, edu_level = Less than High School

                    Total personal income
-------------------------------------------------------------
      Percentiles      Smallest
 1%          500            500
 5%         1300            500
10%         9000            500       Obs                 113
25%        23000            500       Sum of Wgt.         113

50%        34500                      Mean           39908.58
                        Largest       Std. Dev.      28872.37
75%        50000         115100
90%        75000         120000       Variance       8.34e+08
95%       103000         133000       Skewness       1.561225
99%       133000         165000       Kurtosis       6.347756

-----------------------------------------------------------------------------------------------------------------------------------------------
-> race = White, sex = Male, edu_level = Some College

                    Total personal income
-------------------------------------------------------------
      Percentiles      Smallest
 1%         2300           1550
 5%        10000           2000
10%        17000           2000       Obs                 345
25%        37000           2300       Sum of Wgt.         345

50%        57000                      Mean           66748.81
                        Largest       Std. Dev.      60478.76
75%        85000         344500
90%       109000         380100       Variance       3.66e+09
95%       135000         390000       Skewness       5.663266
99%       344500         756000       Kurtosis       55.91982

-----------------------------------------------------------------------------------------------------------------------------------------------
-> race = White, sex = Female, edu_level = Bachelor's Degree

                    Total personal income
-------------------------------------------------------------
      Percentiles      Smallest
 1%         2550            800
 5%        12000           1700
10%        17000           2100       Obs                 300
25%        35000           3000       Sum of Wgt.         300

50%        52000                      Mean           65149.63
                        Largest       Std. Dev.      56417.52
75%        80000         271000
90%       111500         342000       Variance       3.18e+09
95%       155000         476000       Skewness       3.611662
99%       306500         479000       Kurtosis       23.26277

-----------------------------------------------------------------------------------------------------------------------------------------------
-> race = White, sex = Female, edu_level = Graduate Degree

                    Total personal income
-------------------------------------------------------------
      Percentiles      Smallest
 1%         5000              4
 5%        17100           5000
10%        32000           5230       Obs                 197
25%        50000           6030       Sum of Wgt.         197

50%        66000                      Mean           84584.69
                        Largest       Std. Dev.      76055.44
75%       100000         476000
90%       130600         481000       Variance       5.78e+09
95%       175000         511000       Skewness       3.670721
99%       511000         526000       Kurtosis       19.57732

-----------------------------------------------------------------------------------------------------------------------------------------------
-> race = White, sex = Female, edu_level = High School Degree

                    Total personal income
-------------------------------------------------------------
      Percentiles      Smallest
 1%         3000           2000
 5%        10000           3000
10%        16500           3800       Obs                 128
25%        20750           6500       Sum of Wgt.         128

50%        30550                      Mean           35966.41
                        Largest       Std. Dev.      22582.75
75%        43000          95000
90%        60000         110000       Variance       5.10e+08
95%        76000         125000       Skewness       2.013391
99%       125000         150000       Kurtosis       9.201883

-----------------------------------------------------------------------------------------------------------------------------------------------
-> race = White, sex = Female, edu_level = Less than High School

                    Total personal income
-------------------------------------------------------------
      Percentiles      Smallest
 1%          800            800
 5%         5000           2100
10%        10000           5000       Obs                  48
25%        16400           5500       Sum of Wgt.          48

50%        28800                      Mean           32114.58
                        Largest       Std. Dev.      20806.99
75%        43750          70000
90%        60000          74500       Variance       4.33e+08
95%        74500          80000       Skewness       .8164491
99%        89000          89000       Kurtosis       3.175619

-----------------------------------------------------------------------------------------------------------------------------------------------
-> race = White, sex = Female, edu_level = Some College

                    Total personal income
-------------------------------------------------------------
      Percentiles      Smallest
 1%         1000             80
 5%         5200            600
10%        10900           1000       Obs                 259
25%        23000           3010       Sum of Wgt.         259

50%        35000                      Mean            43680.5
                        Largest       Std. Dev.       33102.9
75%        56300         160000
90%        76000         180000       Variance       1.10e+09
95%       100500         200000       Skewness       2.269188
99%       180000         250000       Kurtosis       11.42434

-----------------------------------------------------------------------------------------------------------------------------------------------
-> race = Black/African American/Negro, sex = Male, edu_level = Bachelor's Degree

                    Total personal income
-------------------------------------------------------------
      Percentiles      Smallest
 1%         5000           5000
 5%        20000          16300
10%        28000          17000       Obs                  61
25%        36400          20000       Sum of Wgt.          61

50%        50000                      Mean           60258.36
                        Largest       Std. Dev.      32704.52
75%        75000         120000
90%       102000         141060       Variance       1.07e+09
95%       120000         150000       Skewness       1.074593
99%       160000         160000       Kurtosis       4.010148

-----------------------------------------------------------------------------------------------------------------------------------------------
-> race = Black/African American/Negro, sex = Male, edu_level = Graduate Degree

                    Total personal income
-------------------------------------------------------------
      Percentiles      Smallest
 1%         7500           7500
 5%        16900          16900
10%        17000          17000       Obs                  28
25%        36400          30000       Sum of Wgt.          28

50%        56250                      Mean           88392.86
                        Largest       Std. Dev.      92580.18
75%       105000         175000
90%       193000         193000       Variance       8.57e+09
95%       197000         197000       Skewness       2.835299
99%       477000         477000       Kurtosis       12.18229

-----------------------------------------------------------------------------------------------------------------------------------------------
-> race = Black/African American/Negro, sex = Male, edu_level = High School Degree

                    Total personal income
-------------------------------------------------------------
      Percentiles      Smallest
 1%          800              4
 5%         6000            800
10%        10000           3800       Obs                 161
25%        20000           4000       Sum of Wgt.         161

50%        32000                      Mean           36757.11
                        Largest       Std. Dev.      26456.33
75%        45000         125000
90%        60000         150000       Variance       7.00e+08
95%        77000         170000       Skewness       2.396295
99%       170000         170000       Kurtosis       11.82835

-----------------------------------------------------------------------------------------------------------------------------------------------
-> race = Black/African American/Negro, sex = Male, edu_level = Less than High School

                    Total personal income
-------------------------------------------------------------
      Percentiles      Smallest
 1%          450            450
 5%         5000           1200
10%        10000           2400       Obs                  65
25%        18000           5000       Sum of Wgt.          65

50%        33000                      Mean           33886.92
                        Largest       Std. Dev.      23030.57
75%        45000          73000
90%        60000         100000       Variance       5.30e+08
95%        73000         100000       Skewness       1.453937
99%       120000         120000       Kurtosis        5.94164

-----------------------------------------------------------------------------------------------------------------------------------------------
-> race = Black/African American/Negro, sex = Male, edu_level = Some College

                    Total personal income
-------------------------------------------------------------
      Percentiles      Smallest
 1%         1100            870
 5%         6130           1100
10%        14000           1500       Obs                 167
25%        22700           1800       Sum of Wgt.         167

50%        37200                      Mean           43976.35
                        Largest       Std. Dev.      43136.78
75%        53000         136000
90%        78000         137400       Variance       1.86e+09
95%        91050         160000       Skewness       6.321393
99%       160000         476000       Kurtosis       61.77568

-----------------------------------------------------------------------------------------------------------------------------------------------
-> race = Black/African American/Negro, sex = Female, edu_level = Bachelor's Degree

                    Total personal income
-------------------------------------------------------------
      Percentiles      Smallest
 1%         2200            100
 5%         9000           2200
10%        20000           5000       Obs                 124
25%        30000           5000       Sum of Wgt.         124

50%        46000                      Mean           48765.16
                        Largest       Std. Dev.      36336.89
75%        60000         108000
90%        79800         117100       Variance       1.32e+09
95%        97000         150000       Skewness       4.489742
99%       150000         342000       Kurtosis       35.76829

-----------------------------------------------------------------------------------------------------------------------------------------------
-> race = Black/African American/Negro, sex = Female, edu_level = Graduate Degree

                    Total personal income
-------------------------------------------------------------
      Percentiles      Smallest
 1%         1800           1400
 5%        19980           2200
10%        28300           3500       Obs                 100
25%        45000          10000       Sum of Wgt.         100

50%        60000                      Mean              68951
                        Largest       Std. Dev.      48706.92
75%        75000         195000
90%       110500         220000       Variance       2.37e+09
95%       162000         234000       Skewness       2.736104
99%       288000         342000       Kurtosis       13.49171

-----------------------------------------------------------------------------------------------------------------------------------------------
-> race = Black/African American/Negro, sex = Female, edu_level = High School Degree

                    Total personal income
-------------------------------------------------------------
      Percentiles      Smallest
 1%          400            300
 5%         2000            400
10%         8000            530       Obs                 158
25%        15000            800       Sum of Wgt.         158

50%        24000                      Mean           26142.47
                        Largest       Std. Dev.      15530.66
75%        36000          56400
90%        50000          65000       Variance       2.41e+08
95%        55000          65000       Skewness       .6725925
99%        65000          85000       Kurtosis       3.546898

-----------------------------------------------------------------------------------------------------------------------------------------------
-> race = Black/African American/Negro, sex = Female, edu_level = Less than High School

                    Total personal income
-------------------------------------------------------------
      Percentiles      Smallest
 1%          300            300
 5%         3500           2190
10%         5300           3500       Obs                  52
25%        11425           4500       Sum of Wgt.          52

50%        20000                      Mean           28486.54
                        Largest       Std. Dev.      25693.03
75%        40000          62000
90%        61000          63000       Variance       6.60e+08
95%        63000          69100       Skewness       2.470669
99%       155000         155000       Kurtosis         12.355

-----------------------------------------------------------------------------------------------------------------------------------------------
-> race = Black/African American/Negro, sex = Female, edu_level = Some College

                    Total personal income
-------------------------------------------------------------
      Percentiles      Smallest
 1%         2100           1200
 5%        10500           2000
10%        14000           2100       Obs                 261
25%        22000           4000       Sum of Wgt.         261

50%        30300                      Mean           35344.38
                        Largest       Std. Dev.       20225.5
75%        46000         100000
90%        63050         100000       Variance       4.09e+08
95%        74000         110000       Skewness       1.196396
99%       100000         124300       Kurtosis       5.038145


. 
. *6. For those with positive wages, compare the wage income, its standard deviation, and its skewness by education and sex for African America
> ns and whites.
. bysort race sex edu_level: sum incwage if (incwage > 0 ), detail

-----------------------------------------------------------------------------------------------------------------------------------------------
-> race = White, sex = Male, edu_level = Bachelor's Degree

                   Wage and salary income
-------------------------------------------------------------
      Percentiles      Smallest
 1%         3000            450
 5%        20000           2000
10%        33000           3000       Obs                 264
25%        52000           3000       Sum of Wgt.         264

50%        80000                      Mean           107452.8
                        Largest       Std. Dev.      103353.3
75%       115000         476000
90%       200000         476000       Variance       1.07e+10
95%       476000         476000       Skewness       2.576911
99%       476000         476000       Kurtosis       9.476972

-----------------------------------------------------------------------------------------------------------------------------------------------
-> race = White, sex = Male, edu_level = Graduate Degree

                   Wage and salary income
-------------------------------------------------------------
      Percentiles      Smallest
 1%         6000           4600
 5%        18500           6000
10%        30000           8000       Obs                 178
25%        58000          10000       Sum of Wgt.         178

50%       100000                      Mean           147305.1
                        Largest       Std. Dev.      136716.6
75%       167000         476000
90%       476000         476000       Variance       1.87e+10
95%       476000         476000       Skewness       1.492076
99%       476000         476000       Kurtosis       4.041313

-----------------------------------------------------------------------------------------------------------------------------------------------
-> race = White, sex = Male, edu_level = High School Degree

                   Wage and salary income
-------------------------------------------------------------
      Percentiles      Smallest
 1%          330            310
 5%        10000            330
10%        20800           2000       Obs                 154
25%        30000           8000       Sum of Wgt.         154

50%        45000                      Mean           51615.19
                        Largest       Std. Dev.      32641.03
75%        64000         135000
90%        90000         140000       Variance       1.07e+09
95%       104000         150000       Skewness       2.203766
99%       150000         260000       Kurtosis       13.03265

-----------------------------------------------------------------------------------------------------------------------------------------------
-> race = White, sex = Male, edu_level = Less than High School

                   Wage and salary income
-------------------------------------------------------------
      Percentiles      Smallest
 1%          100            100
 5%          500            100
10%         6000            500       Obs                 116
25%        20000            500       Sum of Wgt.         116

50%        33000                      Mean           37381.03
                        Largest       Std. Dev.      29110.38
75%        49350         115000
90%        65000         120000       Variance       8.47e+08
95%       103000         133000       Skewness       1.565311
99%       133000         165000       Kurtosis        6.53375

-----------------------------------------------------------------------------------------------------------------------------------------------
-> race = White, sex = Male, edu_level = Some College

                   Wage and salary income
-------------------------------------------------------------
      Percentiles      Smallest
 1%         2000            400
 5%        10000            660
10%        19800            750       Obs                 334
25%        35000           2000       Sum of Wgt.         334

50%        54000                      Mean            62215.3
                        Largest       Std. Dev.      46457.85
75%        82000         200000
90%       104000         225000       Variance       2.16e+09
95%       130000         385000       Skewness       3.557345
99%       200000         476000       Kurtosis       27.74717

-----------------------------------------------------------------------------------------------------------------------------------------------
-> race = White, sex = Female, edu_level = Bachelor's Degree

                   Wage and salary income
-------------------------------------------------------------
      Percentiles      Smallest
 1%         3000            800
 5%         7600           2000
10%        15000           2100       Obs                 301
25%        31000           3000       Sum of Wgt.         301

50%        51000                      Mean            62049.5
                        Largest       Std. Dev.      53981.33
75%        80000         250000
90%       110000         271000       Variance       2.91e+09
95%       147000         476000       Skewness       3.747864
99%       250000         476000       Kurtosis       25.83748

-----------------------------------------------------------------------------------------------------------------------------------------------
-> race = White, sex = Female, edu_level = Graduate Degree

                   Wage and salary income
-------------------------------------------------------------
      Percentiles      Smallest
 1%         1500            340
 5%        15000           1500
10%        26000           2000       Obs                 194
25%        46700           5000       Sum of Wgt.         194

50%        60000                      Mean           80258.97
                        Largest       Std. Dev.         71506
75%        98000         476000
90%       127000         476000       Variance       5.11e+09
95%       167000         476000       Skewness       3.684458
99%       476000         476000       Kurtosis       20.22033

-----------------------------------------------------------------------------------------------------------------------------------------------
-> race = White, sex = Female, edu_level = High School Degree

                   Wage and salary income
-------------------------------------------------------------
      Percentiles      Smallest
 1%         2000            200
 5%         6500           2000
10%        12000           3000       Obs                 129
25%        19000           3800       Sum of Wgt.         129

50%        30000                      Mean           34176.74
                        Largest       Std. Dev.      22810.35
75%        42000          95000
90%        60000         110000       Variance       5.20e+08
95%        76000         125000       Skewness        2.00775
99%       125000         150000       Kurtosis       9.403329

-----------------------------------------------------------------------------------------------------------------------------------------------
-> race = White, sex = Female, edu_level = Less than High School

                   Wage and salary income
-------------------------------------------------------------
      Percentiles      Smallest
 1%          800            800
 5%         2100           2000
10%         5500           2100       Obs                  51
25%        12000           5000       Sum of Wgt.          51

50%        26400                      Mean           29076.47
                        Largest       Std. Dev.      20875.83
75%        37000          67000
90%        55000          70000       Variance       4.36e+08
95%        70000          80000       Skewness       .9243815
99%        89000          89000       Kurtosis       3.363561

-----------------------------------------------------------------------------------------------------------------------------------------------
-> race = White, sex = Female, edu_level = Some College

                   Wage and salary income
-------------------------------------------------------------
      Percentiles      Smallest
 1%         1000             80
 5%         5000            600
10%         8600           1000       Obs                 266
25%        20000           1000       Sum of Wgt.         266

50%        34000                      Mean           41336.77
                        Largest       Std. Dev.      32570.96
75%        55000         160000
90%        74000         180000       Variance       1.06e+09
95%       100000         200000       Skewness       2.300725
99%       180000         250000       Kurtosis       12.08153

-----------------------------------------------------------------------------------------------------------------------------------------------
-> race = Black/African American/Negro, sex = Male, edu_level = Bachelor's Degree

                   Wage and salary income
-------------------------------------------------------------
      Percentiles      Smallest
 1%         4000           4000
 5%        14900           4000
10%        20000           5000       Obs                  67
25%        35000          14900       Sum of Wgt.          67

50%        50000                      Mean           58635.82
                        Largest       Std. Dev.      34654.79
75%        75000         120000
90%       110000         140000       Variance       1.20e+09
95%       120000         150000       Skewness       .8985252
99%       160000         160000       Kurtosis       3.496123

-----------------------------------------------------------------------------------------------------------------------------------------------
-> race = Black/African American/Negro, sex = Male, edu_level = Graduate Degree

                   Wage and salary income
-------------------------------------------------------------
      Percentiles      Smallest
 1%         7000           7000
 5%        17000          17000
10%        20000          20000       Obs                  26
25%        36100          30000       Sum of Wgt.          26

50%        50500                      Mean           83919.23
                        Largest       Std. Dev.      93383.91
75%        85000         155000
90%       175000         175000       Variance       8.72e+09
95%       192000         192000       Skewness       3.048054
99%       476000         476000       Kurtosis       13.11884

-----------------------------------------------------------------------------------------------------------------------------------------------
-> race = Black/African American/Negro, sex = Male, edu_level = High School Degree

                   Wage and salary income
-------------------------------------------------------------
      Percentiles      Smallest
 1%          200            200
 5%         4500            200
10%         6700            500       Obs                 164
25%        19750            800       Sum of Wgt.         164

50%        31200                      Mean            33981.1
                        Largest       Std. Dev.      22388.98
75%        45000          85000
90%        60000         100000       Variance       5.01e+08
95%        70000         125000       Skewness       1.493129
99%       125000         150000       Kurtosis       7.859035

-----------------------------------------------------------------------------------------------------------------------------------------------
-> race = Black/African American/Negro, sex = Male, edu_level = Less than High School

                   Wage and salary income
-------------------------------------------------------------
      Percentiles      Smallest
 1%          400            400
 5%          535            450
10%         1950            470       Obs                  80
25%         9800            470       Sum of Wgt.          80

50%        24500                      Mean           28514.88
                        Largest       Std. Dev.      23625.68
75%        38200          73000
90%        52000         100000       Variance       5.58e+08
95%        69000         100000       Skewness       1.400358
99%       120000         120000       Kurtosis       5.809726

-----------------------------------------------------------------------------------------------------------------------------------------------
-> race = Black/African American/Negro, sex = Male, edu_level = Some College

                   Wage and salary income
-------------------------------------------------------------
      Percentiles      Smallest
 1%          480            380
 5%         2000            480
10%        10000            870       Obs                 171
25%        20000           1000       Sum of Wgt.         171

50%        32000                      Mean           40469.77
                        Largest       Std. Dev.      41886.82
75%        50000         100000
90%        70000         110000       Variance       1.75e+09
95%        90000         160000       Skewness       6.811242
99%       160000         476000       Kurtosis       69.83172

-----------------------------------------------------------------------------------------------------------------------------------------------
-> race = Black/African American/Negro, sex = Female, edu_level = Bachelor's Degree

                   Wage and salary income
-------------------------------------------------------------
      Percentiles      Smallest
 1%         1200            100
 5%         6000           1200
10%        11000           2000       Obs                 127
25%        25000           4000       Sum of Wgt.         127

50%        42000                      Mean           43859.06
                        Largest       Std. Dev.      25401.07
75%        57000          99000
90%        78000         105000       Variance       6.45e+08
95%        91000         119000       Skewness       .9328897
99%       119000         150000       Kurtosis       4.895592

-----------------------------------------------------------------------------------------------------------------------------------------------
-> race = Black/African American/Negro, sex = Female, edu_level = Graduate Degree

                   Wage and salary income
-------------------------------------------------------------
      Percentiles      Smallest
 1%         2850           2200
 5%        15500           3500
10%        27000          10000       Obs                 100
25%        41000          12000       Sum of Wgt.         100

50%        59000                      Mean              62721
                        Largest       Std. Dev.      36208.33
75%        74000         150000
90%        98500         168000       Variance       1.31e+09
95%       139000         195000       Skewness       1.686146
99%       207500         220000       Kurtosis       7.499136

-----------------------------------------------------------------------------------------------------------------------------------------------
-> race = Black/African American/Negro, sex = Female, edu_level = High School Degree

                   Wage and salary income
-------------------------------------------------------------
      Percentiles      Smallest
 1%          300            300
 5%         1700            300
10%         6700            300       Obs                 167
25%        14000            300       Sum of Wgt.         167

50%        22200                      Mean            24591.2
                        Largest       Std. Dev.      15342.41
75%        34000          56000
90%        45000          65000       Variance       2.35e+08
95%        55000          65000       Skewness        .778173
99%        65000          85000       Kurtosis       3.791033

-----------------------------------------------------------------------------------------------------------------------------------------------
-> race = Black/African American/Negro, sex = Female, edu_level = Less than High School

                   Wage and salary income
-------------------------------------------------------------
      Percentiles      Smallest
 1%          250            250
 5%          600            300
10%         2000            450       Obs                  66
25%        10000            600       Sum of Wgt.          66

50%        15000                      Mean           23851.52
                        Largest       Std. Dev.      24384.98
75%        35000          62000
90%        61000          63000       Variance       5.95e+08
95%        62000          63000       Skewness       2.636716
99%       155000         155000       Kurtosis       13.82316

-----------------------------------------------------------------------------------------------------------------------------------------------
-> race = Black/African American/Negro, sex = Female, edu_level = Some College

                   Wage and salary income
-------------------------------------------------------------
      Percentiles      Smallest
 1%         2000           1200
 5%         5000           1400
10%        10000           2000       Obs                 270
25%        20000           2000       Sum of Wgt.         270

50%        29650                      Mean           32337.78
                        Largest       Std. Dev.      19257.05
75%        42000          84000
90%        60000          85000       Variance       3.71e+08
95%        70000         100000       Skewness        .839918
99%        85000         100000       Kurtosis       3.738661


. 
. *7. Calculate employment rates by age and sex for African Americans and whites.
. 
. * first create a new variable 'age_level' that separates all the different ages into age groups in the range of 5 years
. 
. gen age_level = "25-29" if age >= 25 & age <30
(3,646 missing values generated)

. replace age_level = "30-34" if age >= 30 & age <35
(589 real changes made)

. replace age_level = "35-39" if age >= 30 & age <40
(1,119 real changes made)

. replace age_level = "40-44" if age >= 40 & age <45
(482 real changes made)

. replace age_level = "45-49" if age >= 45 & age <50
(615 real changes made)

. replace age_level = "50-54" if age >= 50 & age <55
(652 real changes made)

. replace age_level = "55-59" if age >= 55 & age <= 59
(778 real changes made)

. 
. bysort race sex age_level: sum is_empld

-----------------------------------------------------------------------------------------------------------------------------------------------
-> race = White, sex = Male, age_level = 25-29

    Variable |        Obs        Mean    Std. Dev.       Min        Max
-------------+---------------------------------------------------------
    is_empld |        151    .8874172     .317134          0          1

-----------------------------------------------------------------------------------------------------------------------------------------------
-> race = White, sex = Male, age_level = 35-39

    Variable |        Obs        Mean    Std. Dev.       Min        Max
-------------+---------------------------------------------------------
    is_empld |        330    .8363636    .3705071          0          1

-----------------------------------------------------------------------------------------------------------------------------------------------
-> race = White, sex = Male, age_level = 40-44

    Variable |        Obs        Mean    Std. Dev.       Min        Max
-------------+---------------------------------------------------------
    is_empld |        127    .8897638    .3144243          0          1

-----------------------------------------------------------------------------------------------------------------------------------------------
-> race = White, sex = Male, age_level = 45-49

    Variable |        Obs        Mean    Std. Dev.       Min        Max
-------------+---------------------------------------------------------
    is_empld |        194    .8865979     .317904          0          1

-----------------------------------------------------------------------------------------------------------------------------------------------
-> race = White, sex = Male, age_level = 50-54

    Variable |        Obs        Mean    Std. Dev.       Min        Max
-------------+---------------------------------------------------------
    is_empld |        193    .9222798    .2684271          0          1

-----------------------------------------------------------------------------------------------------------------------------------------------
-> race = White, sex = Male, age_level = 55-59

    Variable |        Obs        Mean    Std. Dev.       Min        Max
-------------+---------------------------------------------------------
    is_empld |        220    .8545455    .3533625          0          1

-----------------------------------------------------------------------------------------------------------------------------------------------
-> race = White, sex = Female, age_level = 25-29

    Variable |        Obs        Mean    Std. Dev.       Min        Max
-------------+---------------------------------------------------------
    is_empld |        147    .7619048    .4273738          0          1

-----------------------------------------------------------------------------------------------------------------------------------------------
-> race = White, sex = Female, age_level = 35-39

    Variable |        Obs        Mean    Std. Dev.       Min        Max
-------------+---------------------------------------------------------
    is_empld |        326    .7239264    .4477409          0          1

-----------------------------------------------------------------------------------------------------------------------------------------------
-> race = White, sex = Female, age_level = 40-44

    Variable |        Obs        Mean    Std. Dev.       Min        Max
-------------+---------------------------------------------------------
    is_empld |        146    .7876712    .4103641          0          1

-----------------------------------------------------------------------------------------------------------------------------------------------
-> race = White, sex = Female, age_level = 45-49

    Variable |        Obs        Mean    Std. Dev.       Min        Max
-------------+---------------------------------------------------------
    is_empld |        192    .7864583    .4108782          0          1

-----------------------------------------------------------------------------------------------------------------------------------------------
-> race = White, sex = Female, age_level = 50-54

    Variable |        Obs        Mean    Std. Dev.       Min        Max
-------------+---------------------------------------------------------
    is_empld |        199    .7487437    .4348295          0          1

-----------------------------------------------------------------------------------------------------------------------------------------------
-> race = White, sex = Female, age_level = 55-59

    Variable |        Obs        Mean    Std. Dev.       Min        Max
-------------+---------------------------------------------------------
    is_empld |        245    .6897959     .463524          0          1

-----------------------------------------------------------------------------------------------------------------------------------------------
-> race = Black/African American/Negro, sex = Male, age_level = 25-29

    Variable |        Obs        Mean    Std. Dev.       Min        Max
-------------+---------------------------------------------------------
    is_empld |        117    .5811966    .4954851          0          1

-----------------------------------------------------------------------------------------------------------------------------------------------
-> race = Black/African American/Negro, sex = Male, age_level = 35-39

    Variable |        Obs        Mean    Std. Dev.       Min        Max
-------------+---------------------------------------------------------
    is_empld |        200         .62    .4866045          0          1

-----------------------------------------------------------------------------------------------------------------------------------------------
-> race = Black/African American/Negro, sex = Male, age_level = 40-44

    Variable |        Obs        Mean    Std. Dev.       Min        Max
-------------+---------------------------------------------------------
    is_empld |         86    .6511628    .4793977          0          1

-----------------------------------------------------------------------------------------------------------------------------------------------
-> race = Black/African American/Negro, sex = Male, age_level = 45-49

    Variable |        Obs        Mean    Std. Dev.       Min        Max
-------------+---------------------------------------------------------
    is_empld |         99    .7272727    .4476283          0          1

-----------------------------------------------------------------------------------------------------------------------------------------------
-> race = Black/African American/Negro, sex = Male, age_level = 50-54

    Variable |        Obs        Mean    Std. Dev.       Min        Max
-------------+---------------------------------------------------------
    is_empld |        125        .616    .4883151          0          1

-----------------------------------------------------------------------------------------------------------------------------------------------
-> race = Black/African American/Negro, sex = Male, age_level = 55-59

    Variable |        Obs        Mean    Std. Dev.       Min        Max
-------------+---------------------------------------------------------
    is_empld |        131     .648855    .4791605          0          1

-----------------------------------------------------------------------------------------------------------------------------------------------
-> race = Black/African American/Negro, sex = Female, age_level = 25-29

    Variable |        Obs        Mean    Std. Dev.       Min        Max
-------------+---------------------------------------------------------
    is_empld |        114    .6140351    .4889717          0          1

-----------------------------------------------------------------------------------------------------------------------------------------------
-> race = Black/African American/Negro, sex = Female, age_level = 35-39

    Variable |        Obs        Mean    Std. Dev.       Min        Max
-------------+---------------------------------------------------------
    is_empld |        263    .7984791     .401901          0          1

-----------------------------------------------------------------------------------------------------------------------------------------------
-> race = Black/African American/Negro, sex = Female, age_level = 40-44

    Variable |        Obs        Mean    Std. Dev.       Min        Max
-------------+---------------------------------------------------------
    is_empld |        123    .7560976    .4311909          0          1

-----------------------------------------------------------------------------------------------------------------------------------------------
-> race = Black/African American/Negro, sex = Female, age_level = 45-49

    Variable |        Obs        Mean    Std. Dev.       Min        Max
-------------+---------------------------------------------------------
    is_empld |        130    .7846154    .4126792          0          1

-----------------------------------------------------------------------------------------------------------------------------------------------
-> race = Black/African American/Negro, sex = Female, age_level = 50-54

    Variable |        Obs        Mean    Std. Dev.       Min        Max
-------------+---------------------------------------------------------
    is_empld |        135    .7333333    .4438636          0          1

-----------------------------------------------------------------------------------------------------------------------------------------------
-> race = Black/African American/Negro, sex = Female, age_level = 55-59

    Variable |        Obs        Mean    Std. Dev.       Min        Max
-------------+---------------------------------------------------------
    is_empld |        182    .6648352    .4733503          0          1


. 
. 
. *8. Conditional on working, compare the hours worked by education and sex for African Americans and whites.
. bysort race sex edu_level: sum uhrswork if (is_empld ==1)

-----------------------------------------------------------------------------------------------------------------------------------------------
-> race = White, sex = Male, edu_level = Bachelor's Degree

    Variable |        Obs        Mean    Std. Dev.       Min        Max
-------------+---------------------------------------------------------
    uhrswork |        270    44.18889    9.923381          4         99

-----------------------------------------------------------------------------------------------------------------------------------------------
-> race = White, sex = Male, edu_level = Graduate Degree

    Variable |        Obs        Mean    Std. Dev.       Min        Max
-------------+---------------------------------------------------------
    uhrswork |        176    45.36364    9.111602          8         70

-----------------------------------------------------------------------------------------------------------------------------------------------
-> race = White, sex = Male, edu_level = High School Degree

    Variable |        Obs        Mean    Std. Dev.       Min        Max
-------------+---------------------------------------------------------
    uhrswork |        157    43.70701     9.09019          7         80

-----------------------------------------------------------------------------------------------------------------------------------------------
-> race = White, sex = Male, edu_level = Less than High School

    Variable |        Obs        Mean    Std. Dev.       Min        Max
-------------+---------------------------------------------------------
    uhrswork |        113    41.79646     11.8955          8         80

-----------------------------------------------------------------------------------------------------------------------------------------------
-> race = White, sex = Male, edu_level = Some College

    Variable |        Obs        Mean    Std. Dev.       Min        Max
-------------+---------------------------------------------------------
    uhrswork |        345    44.43188    10.40637          5         90

-----------------------------------------------------------------------------------------------------------------------------------------------
-> race = White, sex = Female, edu_level = Bachelor's Degree

    Variable |        Obs        Mean    Std. Dev.       Min        Max
-------------+---------------------------------------------------------
    uhrswork |        300    39.07333    10.66805          5         80

-----------------------------------------------------------------------------------------------------------------------------------------------
-> race = White, sex = Female, edu_level = Graduate Degree

    Variable |        Obs        Mean    Std. Dev.       Min        Max
-------------+---------------------------------------------------------
    uhrswork |        197    42.28426    11.61897          7         88

-----------------------------------------------------------------------------------------------------------------------------------------------
-> race = White, sex = Female, edu_level = High School Degree

    Variable |        Obs        Mean    Std. Dev.       Min        Max
-------------+---------------------------------------------------------
    uhrswork |        128    38.24219    8.498954          1         60

-----------------------------------------------------------------------------------------------------------------------------------------------
-> race = White, sex = Female, edu_level = Less than High School

    Variable |        Obs        Mean    Std. Dev.       Min        Max
-------------+---------------------------------------------------------
    uhrswork |         48    36.66667    9.426837         12         54

-----------------------------------------------------------------------------------------------------------------------------------------------
-> race = White, sex = Female, edu_level = Some College

    Variable |        Obs        Mean    Std. Dev.       Min        Max
-------------+---------------------------------------------------------
    uhrswork |        259    38.73359    9.556567          1         72

-----------------------------------------------------------------------------------------------------------------------------------------------
-> race = Black/African American/Negro, sex = Male, edu_level = Bachelor's Degree

    Variable |        Obs        Mean    Std. Dev.       Min        Max
-------------+---------------------------------------------------------
    uhrswork |         61    43.91803    10.45513         20         90

-----------------------------------------------------------------------------------------------------------------------------------------------
-> race = Black/African American/Negro, sex = Male, edu_level = Graduate Degree

    Variable |        Obs        Mean    Std. Dev.       Min        Max
-------------+---------------------------------------------------------
    uhrswork |         28    40.78571    10.95566          8         65

-----------------------------------------------------------------------------------------------------------------------------------------------
-> race = Black/African American/Negro, sex = Male, edu_level = High School Degree

    Variable |        Obs        Mean    Std. Dev.       Min        Max
-------------+---------------------------------------------------------
    uhrswork |        161    41.51553    9.692849          8         72

-----------------------------------------------------------------------------------------------------------------------------------------------
-> race = Black/African American/Negro, sex = Male, edu_level = Less than High School

    Variable |        Obs        Mean    Std. Dev.       Min        Max
-------------+---------------------------------------------------------
    uhrswork |         65    40.56923    9.864661         15         72

-----------------------------------------------------------------------------------------------------------------------------------------------
-> race = Black/African American/Negro, sex = Male, edu_level = Some College

    Variable |        Obs        Mean    Std. Dev.       Min        Max
-------------+---------------------------------------------------------
    uhrswork |        167    42.92814    12.07685          1         99

-----------------------------------------------------------------------------------------------------------------------------------------------
-> race = Black/African American/Negro, sex = Female, edu_level = Bachelor's Degree

    Variable |        Obs        Mean    Std. Dev.       Min        Max
-------------+---------------------------------------------------------
    uhrswork |        124    39.87903    6.809358         10         55

-----------------------------------------------------------------------------------------------------------------------------------------------
-> race = Black/African American/Negro, sex = Female, edu_level = Graduate Degree

    Variable |        Obs        Mean    Std. Dev.       Min        Max
-------------+---------------------------------------------------------
    uhrswork |        100       41.89     7.26399         20         70

-----------------------------------------------------------------------------------------------------------------------------------------------
-> race = Black/African American/Negro, sex = Female, edu_level = High School Degree

    Variable |        Obs        Mean    Std. Dev.       Min        Max
-------------+---------------------------------------------------------
    uhrswork |        158        38.5    10.47943          4         80

-----------------------------------------------------------------------------------------------------------------------------------------------
-> race = Black/African American/Negro, sex = Female, edu_level = Less than High School

    Variable |        Obs        Mean    Std. Dev.       Min        Max
-------------+---------------------------------------------------------
    uhrswork |         52    36.96154    11.50782          2         80

-----------------------------------------------------------------------------------------------------------------------------------------------
-> race = Black/African American/Negro, sex = Female, edu_level = Some College

    Variable |        Obs        Mean    Std. Dev.       Min        Max
-------------+---------------------------------------------------------
    uhrswork |        261    39.88889    11.12754          1         99


. 
. 
. log close
      name:  <unnamed>
       log:  C:\Users\grishmab\OneDrive - The University of Chicago\Coding\Stata\PSET4.log
  log type:  text
 closed on:  29 Oct 2021, 21:40:40
-----------------------------------------------------------------------------------------------------------------------------------------------
